Determining if the pthread_create exist failed with the following output:
Change Dir: /home/tathagato/Hello-World/source/CMakeFiles/CMakeTmp

Run Build Command:"/usr/bin/make" "cmTC_fa9ab/fast"
/usr/bin/make -f CMakeFiles/cmTC_fa9ab.dir/build.make CMakeFiles/cmTC_fa9ab.dir/build
make[1]: Entering directory '/home/tathagato/Hello-World/source/CMakeFiles/CMakeTmp'
Building C object CMakeFiles/cmTC_fa9ab.dir/CheckSymbolExists.c.o
/usr/bin/cc    -o CMakeFiles/cmTC_fa9ab.dir/CheckSymbolExists.c.o   -c /home/tathagato/Hello-World/source/CMakeFiles/CMakeTmp/CheckSymbolExists.c
Linking C executable cmTC_fa9ab
/usr/bin/cmake -E cmake_link_script CMakeFiles/cmTC_fa9ab.dir/link.txt --verbose=1
/usr/bin/cc      -rdynamic CMakeFiles/cmTC_fa9ab.dir/CheckSymbolExists.c.o  -o cmTC_fa9ab 
CMakeFiles/cmTC_fa9ab.dir/CheckSymbolExists.c.o: In function `main':
CheckSymbolExists.c:(.text+0x1b): undefined reference to `pthread_create'
collect2: error: ld returned 1 exit status
CMakeFiles/cmTC_fa9ab.dir/build.make:97: recipe for target 'cmTC_fa9ab' failed
make[1]: *** [cmTC_fa9ab] Error 1
make[1]: Leaving directory '/home/tathagato/Hello-World/source/CMakeFiles/CMakeTmp'
Makefile:126: recipe for target 'cmTC_fa9ab/fast' failed
make: *** [cmTC_fa9ab/fast] Error 2

File /home/tathagato/Hello-World/source/CMakeFiles/CMakeTmp/CheckSymbolExists.c:
/* */
#include <pthread.h>

int main(int argc, char** argv)
{
  (void)argv;
#ifndef pthread_create
  return ((int*)(&pthread_create))[argc];
#else
  (void)argc;
  return 0;
#endif
}

Determining if the function pthread_create exists in the pthreads failed with the following output:
Change Dir: /home/tathagato/Hello-World/source/CMakeFiles/CMakeTmp

Run Build Command:"/usr/bin/make" "cmTC_acd5a/fast"
/usr/bin/make -f CMakeFiles/cmTC_acd5a.dir/build.make CMakeFiles/cmTC_acd5a.dir/build
make[1]: Entering directory '/home/tathagato/Hello-World/source/CMakeFiles/CMakeTmp'
Building C object CMakeFiles/cmTC_acd5a.dir/CheckFunctionExists.c.o
/usr/bin/cc   -DCHECK_FUNCTION_EXISTS=pthread_create   -o CMakeFiles/cmTC_acd5a.dir/CheckFunctionExists.c.o   -c /usr/share/cmake-3.10/Modules/CheckFunctionExists.c
Linking C executable cmTC_acd5a
/usr/bin/cmake -E cmake_link_script CMakeFiles/cmTC_acd5a.dir/link.txt --verbose=1
/usr/bin/cc  -DCHECK_FUNCTION_EXISTS=pthread_create    -rdynamic CMakeFiles/cmTC_acd5a.dir/CheckFunctionExists.c.o  -o cmTC_acd5a -lpthreads 
/usr/bin/ld: cannot find -lpthreads
collect2: error: ld returned 1 exit status
CMakeFiles/cmTC_acd5a.dir/build.make:97: recipe for target 'cmTC_acd5a' failed
make[1]: *** [cmTC_acd5a] Error 1
make[1]: Leaving directory '/home/tathagato/Hello-World/source/CMakeFiles/CMakeTmp'
Makefile:126: recipe for target 'cmTC_acd5a/fast' failed
make: *** [cmTC_acd5a/fast] Error 2


